<?xml version="1.0" encoding="utf-8"?>
<!DOCTYPE coverage SYSTEM "http://cobertura.sourceforge.net/xml/coverage-04.dtd">
<coverage line-rate="0.7530601383714742" branch-rate="0.699468085106383" lines-covered="1415" lines-valid="1879" branches-covered="263" branches-valid="376" complexity="821" version="0" timestamp="1784453818">
  <sources>
    <source>/app/src/Domain/</source>
  </sources>
  <packages>
    <package name="Domain" line-rate="0.7530601383714742" branch-rate="0.699468085106383" complexity="821">
      <classes>
        <class name="Domain.BillingManagement.Abonnement" filename="/app/src/Domain/BillingManagement/Abonnement.cs" line-rate="0.8120300751879699" branch-rate="0.5277777777777778" complexity="53">
          <methods>
            <method name="get_GestionnaireId" signature="()" line-rate="1" branch-rate="1" complexity="1">
              <lines>
                <line number="14" hits="34" branch="false" />
              </lines>
            </method>
            <method name="get_PlanId" signature="()" line-rate="1" branch-rate="1" complexity="1">
              <lines>
                <line number="15" hits="28" branch="false" />
              </lines>
            </method>
            <method name="get_Plan" signature="()" line-rate="1" branch-rate="1" complexity="1">
              <lines>
                <line number="16" hits="44" branch="false" />
              </lines>
            </method>
            <method name="get_Statut" signature="()" line-rate="1" branch-rate="1" complexity="1">
              <lines>
                <line number="17" hits="66" branch="false" />
              </lines>
            </method>
            <method name="get_MontantMensuel" signature="()" line-rate="1" branch-rate="1" complexity="1">
              <lines>
                <line number="18" hits="29" branch="false" />
              </lines>
            </method>
            <method name="get_Currency" signature="()" line-rate="1" branch-rate="1" complexity="1">
              <lines>
                <line number="19" hits="27" branch="false" />
              </lines>
            </method>
            <method name="get_DateDebut" signature="()" line-rate="1" branch-rate="1" complexity="1">
              <lines>
                <line number="20" hits="26" branch="false" />
              </lines>
            </method>
            <method name="get_DateFin" signature="()" line-rate="1" branch-rate="1" complexity="1">
              <lines>
                <line number="21" hits="54" branch="false" />
              </lines>
            </method>
            <method name="get_DateFinGrace" signature="()" line-rate="1" branch-rate="1" complexity="1">
              <lines>
                <line number="22" hits="12" branch="false" />
              </lines>
            </method>
            <method name="get_RenouvellementAuto" signature="()" line-rate="1" branch-rate="1" complexity="1">
              <lines>
                <line number="23" hits="35" branch="false" />
              </lines>
            </method>
            <method name="get_DernierTransactionId" signature="()" line-rate="1" branch-rate="1" complexity="1">
              <lines>
                <line number="24" hits="7" branch="false" />
              </lines>
            </method>
            <method name="get_CreatedAt" signature="()" line-rate="1" branch-rate="1" complexity="1">
              <lines>
                <line number="25" hits="26" branch="false" />
              </lines>
            </method>
            <method name="get_UpdatedAt" signature="()" line-rate="1" branch-rate="1" complexity="1">
              <lines>
                <line number="26" hits="15" branch="false" />
              </lines>
            </method>
            <method name="Create" signature="(System.String,Domain.BillingManagement.ValueObjects.PlanTarifaire)" line-rate="0.9259259259259259" branch-rate="0.75" complexity="8">
              <lines>
                <line number="59" hits="26" branch="false" />
                <line number="60" hits="26" branch="true" condition-coverage="100% (2/2)" />
                <line number="61" hits="1" branch="false" />
                <line number="63" hits="25" branch="true" condition-coverage="50% (2/4)" />
                <line number="64" hits="25" branch="false" />
                <line number="65" hits="4" branch="false" />
                <line number="66" hits="21" branch="false" />
                <line number="67" hits="0" branch="false" />
                <line number="68" hits="0" branch="false" />
                <line number="69" hits="25" branch="false" />
                <line number="71" hits="25" branch="false" />
                <line number="73" hits="25" branch="true" condition-coverage="100% (2/2)" />
                <line number="74" hits="25" branch="false" />
                <line number="75" hits="25" branch="false" />
                <line number="77" hits="25" branch="false" />
                <line number="78" hits="25" branch="false" />
                <line number="79" hits="25" branch="false" />
                <line number="80" hits="25" branch="false" />
                <line number="81" hits="25" branch="false" />
                <line number="82" hits="25" branch="false" />
                <line number="83" hits="25" branch="false" />
                <line number="84" hits="25" branch="false" />
                <line number="85" hits="25" branch="false" />
                <line number="86" hits="25" branch="false" />
                <line number="88" hits="25" branch="false" />
                <line number="90" hits="25" branch="false" />
                <line number="91" hits="25" branch="false" />
              </lines>
            </method>
            <method name="CreateAvecPlan" signature="(System.String,Domain.BillingManagement.ValueObjects.PlanAbonnementId,Domain.BillingManagement.ValueObjects.PlanTarifaire,System.Decimal,System.String)" line-rate="0.9565217391304348" branch-rate="0.5" complexity="4">
              <lines>
                <line number="102" hits="1" branch="false" />
                <line number="103" hits="1" branch="true" condition-coverage="50% (1/2)" />
                <line number="104" hits="0" branch="false" />
                <line number="106" hits="1" branch="false" />
                <line number="107" hits="1" branch="true" condition-coverage="50% (1/2)" />
                <line number="108" hits="1" branch="false" />
                <line number="109" hits="1" branch="false" />
                <line number="111" hits="1" branch="false" />
                <line number="112" hits="1" branch="false" />
                <line number="113" hits="1" branch="false" />
                <line number="114" hits="1" branch="false" />
                <line number="115" hits="1" branch="false" />
                <line number="116" hits="1" branch="false" />
                <line number="117" hits="1" branch="false" />
                <line number="118" hits="1" branch="false" />
                <line number="119" hits="1" branch="false" />
                <line number="120" hits="1" branch="false" />
                <line number="121" hits="1" branch="false" />
                <line number="122" hits="1" branch="false" />
                <line number="123" hits="1" branch="false" />
                <line number="125" hits="1" branch="false" />
                <line number="127" hits="1" branch="false" />
                <line number="128" hits="1" branch="false" />
              </lines>
            </method>
            <method name="Renouveler" signature="(System.String)" line-rate="1" branch-rate="0.75" complexity="4">
              <lines>
                <line number="131" hits="5" branch="false" />
                <line number="132" hits="5" branch="true" condition-coverage="100% (2/2)" />
                <line number="133" hits="1" branch="false" />
                <line number="136" hits="4" branch="true" condition-coverage="50% (1/2)" />
                <line number="137" hits="4" branch="false" />
                <line number="138" hits="4" branch="false" />
                <line number="140" hits="4" branch="false" />
                <line number="141" hits="4" branch="false" />
                <line number="142" hits="4" branch="false" />
                <line number="143" hits="4" branch="false" />
                <line number="144" hits="4" branch="false" />
                <line number="146" hits="4" branch="false" />
                <line number="147" hits="4" branch="false" />
              </lines>
            </method>
            <method name="Annuler" signature="()" line-rate="1" branch-rate="1" complexity="1">
              <lines>
                <line number="150" hits="5" branch="false" />
                <line number="151" hits="5" branch="false" />
                <line number="152" hits="5" branch="false" />
                <line number="153" hits="5" branch="false" />
                <line number="154" hits="5" branch="false" />
              </lines>
            </method>
            <method name="EstExpire" signature="()" line-rate="0" branch-rate="1" complexity="1">
              <lines>
                <line number="156" hits="0" branch="false" />
              </lines>
            </method>
            <method name="EstGraceExpiree" signature="()" line-rate="0" branch-rate="0" complexity="4">
              <lines>
                <line number="162" hits="0" branch="true" condition-coverage="0% (0/4)" />
                <line number="163" hits="0" branch="false" />
                <line number="164" hits="0" branch="false" />
              </lines>
            </method>
            <method name="PasserEnGrace" signature="()" line-rate="1" branch-rate="1" complexity="4">
              <lines>
                <line number="171" hits="5" branch="false" />
                <line number="172" hits="5" branch="true" condition-coverage="100% (2/2)" />
                <line number="173" hits="1" branch="false" />
                <line number="175" hits="4" branch="true" condition-coverage="100% (2/2)" />
                <line number="176" hits="1" branch="false" />
                <line number="178" hits="3" branch="false" />
                <line number="179" hits="3" branch="false" />
                <line number="180" hits="3" branch="false" />
                <line number="181" hits="4" branch="false" />
              </lines>
            </method>
            <method name="Expirer" signature="()" line-rate="1" branch-rate="1" complexity="2">
              <lines>
                <line number="187" hits="4" branch="false" />
                <line number="188" hits="4" branch="true" condition-coverage="100% (2/2)" />
                <line number="189" hits="1" branch="false" />
                <line number="191" hits="3" branch="false" />
                <line number="192" hits="3" branch="false" />
                <line number="194" hits="3" branch="false" />
                <line number="195" hits="4" branch="false" />
              </lines>
            </method>
            <method name="VerifierExpiration" signature="()" line-rate="0" branch-rate="0" complexity="8">
              <lines>
                <line number="198" hits="0" branch="false" />
                <line number="199" hits="0" branch="true" condition-coverage="0% (0/2)" />
                <line number="200" hits="0" branch="false" />
                <line number="202" hits="0" branch="true" condition-coverage="0% (0/4)" />
                <line number="203" hits="0" branch="false" />
                <line number="204" hits="0" branch="false" />
                <line number="205" hits="0" branch="false" />
                <line number="206" hits="0" branch="true" condition-coverage="0% (0/2)" />
                <line number="207" hits="0" branch="false" />
                <line number="208" hits="0" branch="false" />
                <line number="209" hits="0" branch="false" />
                <line number="210" hits="0" branch="false" />
              </lines>
            </method>
            <method name="EstFonctionnellementActif" signature="()" line-rate="1" branch-rate="1" complexity="2">
              <lines>
                <line number="217" hits="4" branch="true" condition-coverage="100% (2/2)" />
              </lines>
            </method>
            <method name=".ctor" signature="()" line-rate="0" branch-rate="1" complexity="1">
              <lines>
                <line number="28" hits="0" branch="false" />
                <line number="29" hits="0" branch="false" />
                <line number="30" hits="0" branch="false" />
                <line number="31" hits="0" branch="false" />
                <line number="32" hits="0" branch="false" />
                <line number="33" hits="0" branch="false" />
              </lines>
            </method>
            <method name=".ctor" signature="(Domain.BillingManagement.ValueObjects.AbonnementId,System.String,Domain.BillingManagement.ValueObjects.PlanAbonnementId,Domain.BillingManagement.ValueObjects.PlanTarifaire,System.Decimal,System.String,System.DateTime,System.DateTime,System.Boolean)" line-rate="1" branch-rate="1" complexity="1">
              <lines>
                <line number="44" hits="26" branch="false" />
                <line number="45" hits="26" branch="false" />
                <line number="46" hits="26" branch="false" />
                <line number="47" hits="26" branch="false" />
                <line number="48" hits="26" branch="false" />
                <line number="49" hits="26" branch="false" />
                <line number="50" hits="26" branch="false" />
                <line number="51" hits="26" branch="false" />
                <line number="52" hits="26" branch="false" />
                <line number="53" hits="26" branch="false" />
                <line number="54" hits="26" branch="false" />
                <line number="55" hits="26" branch="false" />
                <line number="56" hits="26" branch="false" />
              </lines>
            </method>
          </methods>
          <lines>
            <line number="14" hits="34" branch="false" />
            <line number="15" hits="28" branch="false" />
            <line number="16" hits="44" branch="false" />
            <line number="17" hits="66" branch="false" />
            <line number="18" hits="29" branch="false" />
            <line number="19" hits="27" branch="false" />
            <line number="20" hits="26" branch="false" />
            <line number="21" hits="54" branch="false" />
            <line number="22" hits="12" branch="false" />
            <line number="23" hits="35" branch="false" />
            <line number="24" hits="7" branch="false" />
            <line number="25" hits="26" branch="false" />
            <line number="26" hits="15" branch="false" />
            <line number="28" hits="0" branch="false" />
            <line number="29" hits="0" branch="false" />
            <line number="30" hits="0" branch="false" />
            <line number="31" hits="0" branch="false" />
            <line number="32" hits="0" branch="false" />
            <line number="33" hits="0" branch="false" />
            <line number="44" hits="26" branch="false" />
            <line number="45" hits="26" branch="false" />
            <line number="46" hits="26" branch="false" />
            <line number="47" hits="26" branch="false" />
            <line number="48" hits="26" branch="false" />
            <line number="49" hits="26" branch="false" />
            <line number="50" hits="26" branch="false" />
            <line number="51" hits="26" branch="false" />
            <line number="52" hits="26" branch="false" />
            <line number="53" hits="26" branch="false" />
            <line number="54" hits="26" branch="false" />
            <line number="55" hits="26" branch="false" />
            <line number="56" hits="26" branch="false" />
            <line number="59" hits="26" branch="false" />
            <line number="60" hits="26" branch="true" condition-coverage="100% (2/2)" />
            <line number="61" hits="1" branch="false" />
            <line number="63" hits="25" branch="true" condition-coverage="50% (2/4)" />
            <line number="64" hits="25" branch="false" />
            <line number="65" hits="4" branch="false" />
            <line number="66" hits="21" branch="false" />
            <line number="67" hits="0" branch="false" />
            <line number="68" hits="0" branch="false" />
            <line number="69" hits="25" branch="false" />
            <line number="71" hits="25" branch="false" />
            <line number="73" hits="25" branch="true" condition-coverage="100% (2/2)" />
            <line number="74" hits="25" branch="false" />
            <line number="75" hits="25" branch="false" />
            <line number="77" hits="25" branch="false" />
            <line number="78" hits="25" branch="false" />
            <line number="79" hits="25" branch="false" />
            <line number="80" hits="25" branch="false" />
            <line number="81" hits="25" branch="false" />
            <line number="82" hits="25" branch="false" />
            <line number="83" hits="25" branch="false" />
            <line number="84" hits="25" branch="false" />
            <line number="85" hits="25" branch="false" />
            <line number="86" hits="25" branch="false" />
            <line number="88" hits="25" branch="false" />
            <line number="90" hits="25" branch="false" />
            <line number="91" hits="25" branch="false" />
            <line number="102" hits="1" branch="false" />
            <line number="103" hits="1" branch="true" condition-coverage="50% (1/2)" />
            <line number="104" hits="0" branch="false" />
            <line number="106" hits="1" branch="false" />
            <line number="107" hits="1" branch="true" condition-coverage="50% (1/2)" />
            <line number="108" hits="1" branch="false" />
            <line number="109" hits="1" branch="false" />
            <line number="111" hits="1" branch="false" />
            <line number="112" hits="1" branch="false" />
            <line number="113" hits="1" branch="false" />
            <line number="114" hits="1" branch="false" />
            <line number="115" hits="1" branch="false" />
            <line number="116" hits="1" branch="false" />
            <line number="117" hits="1" branch="false" />
            <line number="118" hits="1" branch="false" />
            <line number="119" hits="1" branch="false" />
            <line number="120" hits="1" branch="false" />
            <line number="121" hits="1" branch="false" />
            <line number="122" hits="1" branch="false" />
            <line number="123" hits="1" branch="false" />
            <line number="125" hits="1" branch="false" />
            <line number="127" hits="1" branch="false" />
            <line number="128" hits="1" branch="false" />
            <line number="131" hits="5" branch="false" />
            <line number="132" hits="5" branch="true" condition-coverage="100% (2/2)" />
            <line number="133" hits="1" branch="false" />
            <line number="136" hits="4" branch="true" condition-coverage="50% (1/2)" />
            <line number="137" hits="4" branch="false" />
            <line number="138" hits="4" branch="false" />
            <line number="140" hits="4" branch="false" />
            <line number="141" hits="4" branch="false" />
            <line number="142" hits="4" branch="false" />
            <line number="143" hits="4" branch="false" />
            <line number="144" hits="4" branch="false" />
            <line number="146" hits="4" branch="false" />
            <line number="147" hits="4" branch="false" />
            <line number="150" hits="5" branch="false" />
            <line number="151" hits="5" branch="false" />
            <line number="152" hits="5" branch="false" />
            <line number="153" hits="5" branch="false" />
            <line number="154" hits="5" branch="false" />
            <line number="156" hits="0" branch="false" />
            <line number="162" hits="0" branch="true" condition-coverage="0% (0/4)" />
            <line number="163" hits="0" branch="false" />
            <line number="164" hits="0" branch="false" />
            <line number="171" hits="5" branch="false" />
            <line number="172" hits="5" branch="true" condition-coverage="100% (2/2)" />
            <line number="173" hits="1" branch="false" />
            <line number="175" hits="4" branch="true" condition-coverage="100% (2/2)" />
            <line number="176" hits="1" branch="false" />
            <line number="178" hits="3" branch="false" />
            <line number="179" hits="3" branch="false" />
            <line number="180" hits="3" branch="false" />
            <line number="181" hits="4" branch="false" />
            <line number="187" hits="4" branch="false" />
            <line number="188" hits="4" branch="true" condition-coverage="100% (2/2)" />
            <line number="189" hits="1" branch="false" />
            <line number="191" hits="3" branch="false" />
            <line number="192" hits="3" branch="false" />
            <line number="194" hits="3" branch="false" />
            <line number="195" hits="4" branch="false" />
            <line number="198" hits="0" branch="false" />
            <line number="199" hits="0" branch="true" condition-coverage="0% (0/2)" />
            <line number="200" hits="0" branch="false" />
            <line number="202" hits="0" branch="true" condition-coverage="0% (0/4)" />
            <line number="203" hits="0" branch="false" />
            <line number="204" hits="0" branch="false" />
            <line number="205" hits="0" branch="false" />
            <line number="206" hits="0" branch="true" condition-coverage="0% (0/2)" />
            <line number="207" hits="0" branch="false" />
            <line number="208" hits="0" branch="false" />
            <line number="209" hits="0" branch="false" />
            <line number="210" hits="0" branch="false" />
            <line number="217" hits="4" branch="true" condition-coverage="100% (2/2)" />
          </lines>
        </class>
        <class name="Domain.BillingManagement.Events.AbonnementCreatedEvent" filename="/app/src/Domain/BillingManagement/Events/AbonnementCreatedEvent.cs" line-rate="0.8181818181818182" branch-rate="1" complexity="5">
          <methods>
            <method name="get_AbonnementId" signature="()" line-rate="0" branch-rate="1" complexity="1">
              <lines>
                <line number="8" hits="0" branch="false" />
              </lines>
            </method>
            <method name="get_GestionnaireId" signature="()" line-rate="1" branch-rate="1" complexity="1">
              <lines>
                <line number="9" hits="1" branch="false" />
              </lines>
            </method>
            <method name="get_Plan" signature="()" line-rate="1" branch-rate="1" complexity="1">
              <lines>
                <line number="10" hits="1" branch="false" />
              </lines>
            </method>
            <method name="get_OccurredOn" signature="()" line-rate="0" branch-rate="1" complexity="1">
              <lines>
                <line number="11" hits="0" branch="false" />
              </lines>
            </method>
            <method name=".ctor" signature="(Domain.BillingManagement.ValueObjects.AbonnementId,System.String,Domain.BillingManagement.ValueObjects.PlanTarifaire)" line-rate="1" branch-rate="1" complexity="1">
              <lines>
                <line number="13" hits="26" branch="false" />
                <line number="14" hits="26" branch="false" />
                <line number="15" hits="26" branch="false" />
                <line number="16" hits="26" branch="false" />
                <line number="17" hits="26" branch="false" />
                <line number="18" hits="26" branch="false" />
                <line number="19" hits="26" branch="false" />
              </lines>
            </method>
          </methods>
          <lines>
            <line number="8" hits="0" branch="false" />
            <line number="9" hits="1" branch="false" />
            <line number="10" hits="1" branch="false" />
            <line number="11" hits="0" branch="false" />
            <line number="13" hits="26" branch="false" />
            <line number="14" hits="26" branch="false" />
            <line number="15" hits="26" branch="false" />
            <line number="16" hits="26" branch="false" />
            <line number="17" hits="26" branch="false" />
            <line number="18" hits="26" branch="false" />
            <line number="19" hits="26" branch="false" />
          </lines>
        </class>
        <class name="Domain.BillingManagement.Events.AbonnementExpireEvent" filename="/app/src/Domain/BillingManagement/Events/AbonnementExpireEvent.cs" line-rate="0.7142857142857143" branch-rate="1" complexity="5">
          <methods>
            <method name="get_AbonnementId" signature="()" line-rate="0" branch-rate="1" complexity="1">
              <lines>
                <line number="8" hits="0" branch="false" />
              </lines>
            </method>
            <method name="get_GestionnaireId" signature="()" line-rate="0" branch-rate="1" complexity="1">
              <lines>
                <line number="9" hits="0" branch="false" />
              </lines>
            </method>
            <method name="get_Plan" signature="()" line-rate="0" branch-rate="1" complexity="1">
              <lines>
                <line number="10" hits="0" branch="false" />
              </lines>
            </method>
            <method name="get_OccurredOn" signature="()" line-rate="0" branch-rate="1" complexity="1">
              <lines>
                <line number="11" hits="0" branch="false" />
              </lines>
            </method>
            <method name=".ctor" signature="(Domain.BillingManagement.ValueObjects.AbonnementId,System.String,Domain.BillingManagement.ValueObjects.PlanTarifaire)" line-rate="1" branch-rate="1" complexity="1">
              <lines>
                <line number="13" hits="3" branch="false" />
                <line number="14" hits="3" branch="false" />
                <line number="15" hits="3" branch="false" />
                <line number="16" hits="3" branch="false" />
                <line number="17" hits="3" branch="false" />
                <line number="18" hits="3" branch="false" />
                <line number="19" hits="3" branch="false" />
                <line number="20" hits="3" branch="false" />
                <line number="21" hits="3" branch="false" />
                <line number="22" hits="3" branch="false" />
              </lines>
            </method>
          </methods>
          <lines>
            <line number="8" hits="0" branch="false" />
            <line number="9" hits="0" branch="false" />
            <line number="10" hits="0" branch="false" />
            <line number="11" hits="0" branch="false" />
            <line number="13" hits="3" branch="false" />
            <line number="14" hits="3" branch="false" />
            <line number="15" hits="3" branch="false" />
            <line number="16" hits="3" branch="false" />
            <line number="17" hits="3" branch="false" />
            <line number="18" hits="3" branch="false" />
            <line number="19" hits="3" branch="false" />
            <line number="20" hits="3" branch="false" />
            <line number="21" hits="3" branch="false" />
            <line number="22" hits="3" branch="false" />
          </lines>
        </class>
        <class name="Domain.BillingManagement.Events.AbonnementRenouvelleEvent" filename="/app/src/Domain/BillingManagement/Events/AbonnementRenouvelleEvent.cs" line-rate="0.8235294117647058" branch-rate="1" complexity="6">
          <methods>
            <method name="get_AbonnementId" signature="()" line-rate="0" branch-rate="1" complexity="1">
              <lines>
                <line number="8" hits="0" branch="false" />
              </lines>
            </method>
            <method name="get_GestionnaireId" signature="()" line-rate="1" branch-rate="1" complexity="1">
              <lines>
                <line number="9" hits="1" branch="false" />
              </lines>
            </method>
            <method name="get_Plan" signature="()" line-rate="1" branch-rate="1" complexity="1">
              <lines>
                <line number="10" hits="1" branch="false" />
              </lines>
            </method>
            <method name="get_NouvelleDateFin" signature="()" line-rate="0" branch-rate="1" complexity="1">
              <lines>
                <line number="11" hits="0" branch="false" />
              </lines>
            </method>
            <method name="get_OccurredOn" signature="()" line-rate="0" branch-rate="1" complexity="1">
              <lines>
                <line number="12" hits="0" branch="false" />
              </lines>
            </method>
            <method name=".ctor" signature="(Domain.BillingManagement.ValueObjects.AbonnementId,System.String,Domain.BillingManagement.ValueObjects.PlanTarifaire,System.DateTime)" line-rate="1" branch-rate="1" complexity="1">
              <lines>
                <line number="14" hits="4" branch="false" />
                <line number="15" hits="4" branch="false" />
                <line number="16" hits="4" branch="false" />
                <line number="17" hits="4" branch="false" />
                <line number="18" hits="4" branch="false" />
                <line number="19" hits="4" branch="false" />
                <line number="20" hits="4" branch="false" />
                <line number="21" hits="4" branch="false" />
                <line number="22" hits="4" branch="false" />
                <line number="23" hits="4" branch="false" />
                <line number="24" hits="4" branch="false" />
                <line number="25" hits="4" branch="false" />
              </lines>
            </method>
          </methods>
          <lines>
            <line number="8" hits="0" branch="false" />
            <line number="9" hits="1" branch="false" />
            <line number="10" hits="1" branch="false" />
            <line number="11" hits="0" branch="false" />
            <line number="12" hits="0" branch="false" />
            <line number="14" hits="4" branch="false" />
            <line number="15" hits="4" branch="false" />
            <line number="16" hits="4" branch="false" />
            <line number="17" hits="4" branch="false" />
            <line number="18" hits="4" branch="false" />
            <line number="19" hits="4" branch="false" />
            <line number="20" hits="4" branch="false" />
            <line number="21" hits="4" branch="false" />
            <line number="22" hits="4" branch="false" />
            <line number="23" hits="4" branch="false" />
            <line number="24" hits="4" branch="false" />
            <line number="25" hits="4" branch="false" />
          </lines>
        </class>
        <class name="Domain.BillingManagement.PlanAbonnement" filename="/app/src/Domain/BillingManagement/PlanAbonnement.cs" line-rate="0.9032258064516129" branch-rate="1" complexity="24">
          <methods>
            <method name="get_Nom" signature="()" line-rate="1" branch-rate="1" complexity="1">
              <lines>
                <line number="12" hits="5" branch="false" />
              </lines>
            </method>
            <method name="get_Code" signature="()" line-rate="1" branch-rate="1" complexity="1">
              <lines>
                <line number="13" hits="5" branch="false" />
              </lines>
            </method>
            <method name="get_PrixMensuel" signature="()" line-rate="1" branch-rate="1" complexity="1">
              <lines>
                <line number="14" hits="5" branch="false" />
              </lines>
            </method>
            <method name="get_Devise" signature="()" line-rate="1" branch-rate="1" complexity="1">
              <lines>
                <line number="15" hits="5" branch="false" />
              </lines>
            </method>
            <method name="get_MaxTontines" signature="()" line-rate="1" branch-rate="1" complexity="1">
              <lines>
                <line number="16" hits="5" branch="false" />
              </lines>
            </method>
            <method name="get_MaxMembresParTontine" signature="()" line-rate="1" branch-rate="1" complexity="1">
              <lines>
                <line number="17" hits="5" branch="false" />
              </lines>
            </method>
            <method name="get_Description" signature="()" line-rate="1" branch-rate="1" complexity="1">
              <lines>
                <line number="18" hits="5" branch="false" />
              </lines>
            </method>
            <method name="get_EstActif" signature="()" line-rate="1" branch-rate="1" complexity="1">
              <lines>
                <line number="19" hits="10" branch="false" />
              </lines>
            </method>
            <method name="Create" signature="(System.String,System.String,System.Decimal,System.String,System.Int32,System.Int32,System.String)" line-rate="1" branch-rate="1" complexity="10">
              <lines>
                <line number="56" hits="8" branch="false" />
                <line number="57" hits="8" branch="true" condition-coverage="100% (2/2)" />
                <line number="58" hits="1" branch="false" />
                <line number="60" hits="7" branch="true" condition-coverage="100% (2/2)" />
                <line number="61" hits="1" branch="false" />
                <line number="63" hits="6" branch="true" condition-coverage="100% (2/2)" />
                <line number="64" hits="1" branch="false" />
                <line number="66" hits="5" branch="true" condition-coverage="100% (2/2)" />
                <line number="67" hits="1" branch="false" />
                <line number="69" hits="4" branch="true" condition-coverage="100% (2/2)" />
                <line number="70" hits="1" branch="false" />
                <line number="72" hits="3" branch="false" />
                <line number="73" hits="3" branch="false" />
                <line number="74" hits="3" branch="false" />
                <line number="75" hits="3" branch="false" />
                <line number="76" hits="3" branch="false" />
                <line number="77" hits="3" branch="false" />
                <line number="78" hits="3" branch="false" />
                <line number="79" hits="3" branch="false" />
                <line number="80" hits="3" branch="false" />
                <line number="81" hits="3" branch="false" />
              </lines>
            </method>
            <method name="CreateWithId" signature="(System.Guid,System.String,System.String,System.Decimal,System.String,System.Int32,System.Int32,System.String)" line-rate="1" branch-rate="1" complexity="1">
              <lines>
                <line number="95" hits="1" branch="false" />
                <line number="96" hits="1" branch="false" />
                <line number="97" hits="1" branch="false" />
                <line number="98" hits="1" branch="false" />
                <line number="99" hits="1" branch="false" />
                <line number="100" hits="1" branch="false" />
                <line number="101" hits="1" branch="false" />
                <line number="102" hits="1" branch="false" />
                <line number="103" hits="1" branch="false" />
                <line number="104" hits="1" branch="false" />
                <line number="105" hits="1" branch="false" />
              </lines>
            </method>
            <method name="Desactiver" signature="()" line-rate="1" branch-rate="1" complexity="1">
              <lines>
                <line number="107" hits="2" branch="false" />
              </lines>
            </method>
            <method name="Activer" signature="()" line-rate="1" branch-rate="1" complexity="1">
              <lines>
                <line number="108" hits="1" branch="false" />
              </lines>
            </method>
            <method name=".ctor" signature="()" line-rate="0" branch-rate="1" complexity="1">
              <lines>
                <line number="21" hits="0" branch="false" />
                <line number="22" hits="0" branch="false" />
                <line number="23" hits="0" branch="false" />
                <line number="24" hits="0" branch="false" />
                <line number="25" hits="0" branch="false" />
                <line number="26" hits="0" branch="false" />
              </lines>
            </method>
            <method name=".ctor" signature="(Domain.BillingManagement.ValueObjects.PlanAbonnementId,System.String,System.String,System.Decimal,System.String,System.Int32,System.Int32,System.String)" line-rate="1" branch-rate="1" complexity="1">
              <lines>
                <line number="36" hits="4" branch="false" />
                <line number="37" hits="4" branch="false" />
                <line number="38" hits="4" branch="false" />
                <line number="39" hits="4" branch="false" />
                <line number="40" hits="4" branch="false" />
                <line number="41" hits="4" branch="false" />
                <line number="42" hits="4" branch="false" />
                <line number="43" hits="4" branch="false" />
                <line number="44" hits="4" branch="false" />
                <line number="45" hits="4" branch="false" />
                <line number="46" hits="4" branch="false" />
              </lines>
            </method>
            <method name=".cctor" signature="()" line-rate="1" branch-rate="1" complexity="1">
              <lines>
                <line number="125" hits="1" branch="false" />
                <line number="126" hits="1" branch="false" />
                <line number="127" hits="1" branch="false" />
              </lines>
            </method>
          </methods>
          <lines>
            <line number="12" hits="5" branch="false" />
            <line number="13" hits="5" branch="false" />
            <line number="14" hits="5" branch="false" />
            <line number="15" hits="5" branch="false" />
            <line number="16" hits="5" branch="false" />
            <line number="17" hits="5" branch="false" />
            <line number="18" hits="5" branch="false" />
            <line number="19" hits="10" branch="false" />
            <line number="21" hits="0" branch="false" />
            <line number="22" hits="0" branch="false" />
            <line number="23" hits="0" branch="false" />
            <line number="24" hits="0" branch="false" />
            <line number="25" hits="0" branch="false" />
            <line number="26" hits="0" branch="false" />
            <line number="36" hits="4" branch="false" />
            <line number="37" hits="4" branch="false" />
            <line number="38" hits="4" branch="false" />
            <line number="39" hits="4" branch="false" />
            <line number="40" hits="4" branch="false" />
            <line number="41" hits="4" branch="false" />
            <line number="42" hits="4" branch="false" />
            <line number="43" hits="4" branch="false" />
            <line number="44" hits="4" branch="false" />
            <line number="45" hits="4" branch="false" />
            <line number="46" hits="4" branch="false" />
            <line number="56" hits="8" branch="false" />
            <line number="57" hits="8" branch="true" condition-coverage="100% (2/2)" />
            <line number="58" hits="1" branch="false" />
            <line number="60" hits="7" branch="true" condition-coverage="100% (2/2)" />
            <line number="61" hits="1" branch="false" />
            <line number="63" hits="6" branch="true" condition-coverage="100% (2/2)" />
            <line number="64" hits="1" branch="false" />
            <line number="66" hits="5" branch="true" condition-coverage="100% (2/2)" />
            <line number="67" hits="1" branch="false" />
            <line number="69" hits="4" branch="true" condition-coverage="100% (2/2)" />
            <line number="70" hits="1" branch="false" />
            <line number="72" hits="3" branch="false" />
            <line number="73" hits="3" branch="false" />
            <line number="74" hits="3" branch="false" />
            <line number="75" hits="3" branch="false" />
            <line number="76" hits="3" branch="false" />
            <line number="77" hits="3" branch="false" />
            <line number="78" hits="3" branch="false" />
            <line number="79" hits="3" branch="false" />
            <line number="80" hits="3" branch="false" />
            <line number="81" hits="3" branch="false" />
            <line number="95" hits="1" branch="false" />
            <line number="96" hits="1" branch="false" />
            <line number="97" hits="1" branch="false" />
            <line number="98" hits="1" branch="false" />
            <line number="99" hits="1" branch="false" />
            <line number="100" hits="1" branch="false" />
            <line number="101" hits="1" branch="false" />
            <line number="102" hits="1" branch="false" />
            <line number="103" hits="1" branch="false" />
            <line number="104" hits="1" branch="false" />
            <line number="105" hits="1" branch="false" />
            <line number="107" hits="2" branch="false" />
            <line number="108" hits="1" branch="false" />
            <line number="125" hits="1" branch="false" />
            <line number="126" hits="1" branch="false" />
            <line number="127" hits="1" branch="false" />
          </lines>
        </class>
        <class name="Domain.BillingManagement.ValueObjects.AbonnementId" filename="/app/src/Domain/BillingManagement/ValueObjects/AbonnementId.cs" line-rate="0.3333333333333333" branch-rate="0" complexity="7">
          <methods>
            <method name="get_Value" signature="()" line-rate="0" branch-rate="1" complexity="1">
              <lines>
                <line number="7" hits="0" branch="false" />
              </lines>
            </method>
            <method name="Create" signature="()" line-rate="1" branch-rate="1" complexity="1">
              <lines>
                <line number="14" hits="26" branch="false" />
              </lines>
            </method>
            <method name="From" signature="(System.Guid)" line-rate="0" branch-rate="0" complexity="2">
              <lines>
                <line number="17" hits="0" branch="false" />
                <line number="18" hits="0" branch="true" condition-coverage="0% (0/2)" />
                <line number="19" hits="0" branch="false" />
                <line number="21" hits="0" branch="false" />
                <line number="22" hits="0" branch="false" />
              </lines>
            </method>
            <method name="ToString" signature="()" line-rate="0" branch-rate="1" complexity="1">
              <lines>
                <line number="29" hits="0" branch="false" />
              </lines>
            </method>
            <method name=".ctor" signature="(System.Guid)" line-rate="1" branch-rate="1" complexity="1">
              <lines>
                <line number="9" hits="26" branch="false" />
                <line number="10" hits="26" branch="false" />
                <line number="11" hits="26" branch="false" />
                <line number="12" hits="26" branch="false" />
              </lines>
            </method>
            <method name="GetEqualityComponents" signature="()" line-rate="0" branch-rate="1" complexity="1">
              <lines>
                <line number="25" hits="0" branch="false" />
                <line number="26" hits="0" branch="false" />
                <line number="27" hits="0" branch="false" />
              </lines>
            </method>
          </methods>
          <lines>
            <line number="7" hits="0" branch="false" />
            <line number="9" hits="26" branch="false" />
            <line number="10" hits="26" branch="false" />
            <line number="11" hits="26" branch="false" />
            <line number="12" hits="26" branch="false" />
            <line number="14" hits="26" branch="false" />
            <line number="17" hits="0" branch="false" />
            <line number="18" hits="0" branch="true" condition-coverage="0% (0/2)" />
            <line number="19" hits="0" branch="false" />
            <line number="21" hits="0" branch="false" />
            <line number="22" hits="0" branch="false" />
            <line number="25" hits="0" branch="false" />
            <line number="26" hits="0" branch="false" />
            <line number="27" hits="0" branch="false" />
            <line number="29" hits="0" branch="false" />
          </lines>
        </class>
        <class name="Domain.BillingManagement.ValueObjects.PlanAbonnementId" filename="/app/src/Domain/BillingManagement/ValueObjects/PlanAbonnementId.cs" line-rate="0.6666666666666666" branch-rate="0.5" complexity="7">
          <methods>
            <method name="get_Value" signature="()" line-rate="1" branch-rate="1" complexity="1">
              <lines>
                <line number="7" hits="2" branch="false" />
              </lines>
            </method>
            <method name="Create" signature="()" line-rate="1" branch-rate="1" complexity="1">
              <lines>
                <line number="14" hits="3" branch="false" />
              </lines>
            </method>
            <method name="From" signature="(System.Guid)" line-rate="0.8" branch-rate="0.5" complexity="2">
              <lines>
                <line number="17" hits="27" branch="false" />
                <line number="18" hits="27" branch="true" condition-coverage="50% (1/2)" />
                <line number="19" hits="0" branch="false" />
                <line number="21" hits="27" branch="false" />
                <line number="22" hits="27" branch="false" />
              </lines>
            </method>
            <method name="ToString" signature="()" line-rate="0" branch-rate="1" complexity="1">
              <lines>
                <line number="29" hits="0" branch="false" />
              </lines>
            </method>
            <method name=".ctor" signature="(System.Guid)" line-rate="1" branch-rate="1" complexity="1">
              <lines>
                <line number="9" hits="30" branch="false" />
                <line number="10" hits="30" branch="false" />
                <line number="11" hits="30" branch="false" />
                <line number="12" hits="30" branch="false" />
              </lines>
            </method>
            <method name="GetEqualityComponents" signature="()" line-rate="0" branch-rate="1" complexity="1">
              <lines>
                <line number="25" hits="0" branch="false" />
                <line number="26" hits="0" branch="false" />
                <line number="27" hits="0" branch="false" />
              </lines>
            </method>
          </methods>
          <lines>
            <line number="7" hits="2" branch="false" />
            <line number="9" hits="30" branch="false" />
            <line number="10" hits="30" branch="false" />
            <line number="11" hits="30" branch="false" />
            <line number="12" hits="30" branch="false" />
            <line number="14" hits="3" branch="false" />
            <line number="17" hits="27" branch="false" />
            <line number="18" hits="27" branch="true" condition-coverage="50% (1/2)" />
            <line number="19" hits="0" branch="false" />
            <line number="21" hits="27" branch="false" />
            <line number="22" hits="27" branch="false" />
            <line number="25" hits="0" branch="false" />
            <line number="26" hits="0" branch="false" />
            <line number="27" hits="0" branch="false" />
            <line number="29" hits="0" branch="false" />
          </lines>
        </class>
        <class name="Domain.BillingManagement.ValueObjects.ScoreCredit" filename="/app/src/Domain/BillingManagement/ValueObjects/ScoreCredit.cs" line-rate="1" branch-rate="1" complexity="20">
          <methods>
            <method name="get_CyclesCompletes" signature="()" line-rate="1" branch-rate="1" complexity="1">
              <lines>
                <line number="7" hits="4" branch="false" />
              </lines>
            </method>
            <method name="get_TauxPonctualite" signature="()" line-rate="1" branch-rate="1" complexity="1">
              <lines>
                <line number="8" hits="2" branch="false" />
              </lines>
            </method>
            <method name="get_AncienneteMois" signature="()" line-rate="1" branch-rate="1" complexity="1">
              <lines>
                <line number="9" hits="2" branch="false" />
              </lines>
            </method>
            <method name="get_Score" signature="()" line-rate="1" branch-rate="1" complexity="1">
              <lines>
                <line number="10" hits="18" branch="false" />
              </lines>
            </method>
            <method name="get_Niveau" signature="()" line-rate="1" branch-rate="1" complexity="1">
              <lines>
                <line number="11" hits="5" branch="false" />
              </lines>
            </method>
            <method name="Create" signature="(System.Int32,System.Decimal,System.Int32)" line-rate="1" branch-rate="1" complexity="8">
              <lines>
                <line number="31" hits="14" branch="false" />
                <line number="32" hits="14" branch="true" condition-coverage="100% (2/2)" />
                <line number="33" hits="1" branch="false" />
                <line number="35" hits="13" branch="true" condition-coverage="100% (4/4)" />
                <line number="36" hits="2" branch="false" />
                <line number="38" hits="11" branch="true" condition-coverage="100% (2/2)" />
                <line number="39" hits="1" branch="false" />
                <line number="41" hits="10" branch="false" />
                <line number="42" hits="10" branch="false" />
              </lines>
            </method>
            <method name=".ctor" signature="(System.Int32,System.Decimal,System.Int32)" line-rate="1" branch-rate="1" complexity="6">
              <lines>
                <line number="13" hits="10" branch="false" />
                <line number="14" hits="10" branch="false" />
                <line number="15" hits="10" branch="false" />
                <line number="16" hits="10" branch="false" />
                <line number="17" hits="10" branch="false" />
                <line number="19" hits="10" branch="false" />
                <line number="21" hits="10" branch="true" condition-coverage="100% (6/6)" />
                <line number="22" hits="10" branch="false" />
                <line number="23" hits="6" branch="false" />
                <line number="24" hits="1" branch="false" />
                <line number="25" hits="1" branch="false" />
                <line number="26" hits="2" branch="false" />
                <line number="27" hits="10" branch="false" />
                <line number="28" hits="10" branch="false" />
              </lines>
            </method>
            <method name="GetEqualityComponents" signature="()" line-rate="1" branch-rate="1" complexity="1">
              <lines>
                <line number="45" hits="4" branch="false" />
                <line number="46" hits="4" branch="false" />
                <line number="47" hits="2" branch="false" />
                <line number="48" hits="2" branch="false" />
                <line number="49" hits="2" branch="false" />
              </lines>
            </method>
          </methods>
          <lines>
            <line number="7" hits="4" branch="false" />
            <line number="8" hits="2" branch="false" />
            <line number="9" hits="2" branch="false" />
            <line number="10" hits="18" branch="false" />
            <line number="11" hits="5" branch="false" />
            <line number="13" hits="10" branch="false" />
            <line number="14" hits="10" branch="false" />
            <line number="15" hits="10" branch="false" />
            <line number="16" hits="10" branch="false" />
            <line number="17" hits="10" branch="false" />
            <line number="19" hits="10" branch="false" />
            <line number="21" hits="10" branch="true" condition-coverage="100% (6/6)" />
            <line number="22" hits="10" branch="false" />
            <line number="23" hits="6" branch="false" />
            <line number="24" hits="1" branch="false" />
            <line number="25" hits="1" branch="false" />
            <line number="26" hits="2" branch="false" />
            <line number="27" hits="10" branch="false" />
            <line number="28" hits="10" branch="false" />
            <line number="31" hits="14" branch="false" />
            <line number="32" hits="14" branch="true" condition-coverage="100% (2/2)" />
            <line number="33" hits="1" branch="false" />
            <line number="35" hits="13" branch="true" condition-coverage="100% (4/4)" />
            <line number="36" hits="2" branch="false" />
            <line number="38" hits="11" branch="true" condition-coverage="100% (2/2)" />
            <line number="39" hits="1" branch="false" />
            <line number="41" hits="10" branch="false" />
            <line number="42" hits="10" branch="false" />
            <line number="45" hits="4" branch="false" />
            <line number="46" hits="4" branch="false" />
            <line number="47" hits="2" branch="false" />
            <line number="48" hits="2" branch="false" />
            <line number="49" hits="2" branch="false" />
          </lines>
        </class>
        <class name="Domain.Common.AggregateRoot`1" filename="/app/src/Domain/Common/AggregateRoot.cs" line-rate="0.7777777777777778" branch-rate="1" complexity="7">
          <methods>
            <method name="get_DomainEvents" signature="()" line-rate="1" branch-rate="1" complexity="1">
              <lines>
                <line number="7" hits="35" branch="false" />
              </lines>
            </method>
            <method name="AddDomainEvent" signature="(Domain.Common.IDomainEvent)" line-rate="1" branch-rate="1" complexity="1">
              <lines>
                <line number="14" hits="631" branch="false" />
                <line number="15" hits="631" branch="false" />
                <line number="16" hits="631" branch="false" />
              </lines>
            </method>
            <method name="RemoveDomainEvent" signature="(Domain.Common.IDomainEvent)" line-rate="0" branch-rate="1" complexity="1">
              <lines>
                <line number="19" hits="0" branch="false" />
                <line number="20" hits="0" branch="false" />
                <line number="21" hits="0" branch="false" />
              </lines>
            </method>
            <method name="ClearDomainEvents" signature="()" line-rate="1" branch-rate="1" complexity="1">
              <lines>
                <line number="24" hits="25" branch="false" />
                <line number="25" hits="25" branch="false" />
                <line number="26" hits="25" branch="false" />
              </lines>
            </method>
            <method name="PopDomainEvents" signature="()" line-rate="1" branch-rate="1" complexity="1">
              <lines>
                <line number="29" hits="1" branch="false" />
                <line number="30" hits="1" branch="false" />
                <line number="31" hits="1" branch="false" />
                <line number="32" hits="1" branch="false" />
                <line number="33" hits="1" branch="false" />
              </lines>
            </method>
            <method name=".ctor" signature="()" line-rate="0.6666666666666666" branch-rate="1" complexity="1">
              <lines>
                <line number="5" hits="200" branch="false" />
                <line number="7" hits="35" branch="false" />
                <line number="9" hits="0" branch="false" />
              </lines>
            </method>
            <method name=".ctor" signature="(TId)" line-rate="1" branch-rate="1" complexity="1">
              <lines>
                <line number="11" hits="600" branch="false" />
              </lines>
            </method>
          </methods>
          <lines>
            <line number="5" hits="200" branch="false" />
            <line number="7" hits="35" branch="false" />
            <line number="9" hits="0" branch="false" />
            <line number="11" hits="600" branch="false" />
            <line number="14" hits="631" branch="false" />
            <line number="15" hits="631" branch="false" />
            <line number="16" hits="631" branch="false" />
            <line number="19" hits="0" branch="false" />
            <line number="20" hits="0" branch="false" />
            <line number="21" hits="0" branch="false" />
            <line number="24" hits="25" branch="false" />
            <line number="25" hits="25" branch="false" />
            <line number="26" hits="25" branch="false" />
            <line number="29" hits="1" branch="false" />
            <line number="30" hits="1" branch="false" />
            <line number="31" hits="1" branch="false" />
            <line number="32" hits="1" branch="false" />
            <line number="33" hits="1" branch="false" />
          </lines>
        </class>
        <class name="Domain.Common.Entity`1" filename="/app/src/Domain/Common/Entity.cs" line-rate="0.45454545454545453" branch-rate="0.16666666666666666" complexity="17">
          <methods>
            <method name="get_Id" signature="()" line-rate="1" branch-rate="1" complexity="1">
              <lines>
                <line number="5" hits="2745" branch="false" />
              </lines>
            </method>
            <method name="Equals" signature="(System.Object)" line-rate="0.7142857142857143" branch-rate="0.5" complexity="4">
              <lines>
                <line number="15" hits="2" branch="false" />
                <line number="16" hits="2" branch="true" condition-coverage="50% (1/2)" />
                <line number="17" hits="0" branch="false" />
                <line number="19" hits="2" branch="true" condition-coverage="50% (1/2)" />
                <line number="20" hits="2" branch="false" />
                <line number="22" hits="0" branch="false" />
                <line number="23" hits="2" branch="false" />
              </lines>
            </method>
            <method name="GetHashCode" signature="()" line-rate="0" branch-rate="1" complexity="1">
              <lines>
                <line number="25" hits="0" branch="false" />
              </lines>
            </method>
            <method name="op_Equality" signature="(Domain.Common.Entity`1&lt;TId&gt;,Domain.Common.Entity`1&lt;TId&gt;)" line-rate="0" branch-rate="0" complexity="8">
              <lines>
                <line number="28" hits="0" branch="false" />
                <line number="29" hits="0" branch="true" condition-coverage="0% (0/4)" />
                <line number="30" hits="0" branch="false" />
                <line number="31" hits="0" branch="true" condition-coverage="0% (0/4)" />
                <line number="32" hits="0" branch="false" />
                <line number="33" hits="0" branch="false" />
                <line number="34" hits="0" branch="false" />
              </lines>
            </method>
            <method name="op_Inequality" signature="(Domain.Common.Entity`1&lt;TId&gt;,Domain.Common.Entity`1&lt;TId&gt;)" line-rate="0" branch-rate="1" complexity="1">
              <lines>
                <line number="36" hits="0" branch="false" />
              </lines>
            </method>
            <method name=".ctor" signature="()" line-rate="0" branch-rate="1" complexity="1">
              <lines>
                <line number="7" hits="0" branch="false" />
              </lines>
            </method>
            <method name=".ctor" signature="(TId)" line-rate="1" branch-rate="1" complexity="1">
              <lines>
                <line number="9" hits="612" branch="false" />
                <line number="10" hits="612" branch="false" />
                <line number="11" hits="612" branch="false" />
                <line number="12" hits="612" branch="false" />
              </lines>
            </method>
          </methods>
          <lines>
            <line number="5" hits="2745" branch="false" />
            <line number="7" hits="0" branch="false" />
            <line number="9" hits="612" branch="false" />
            <line number="10" hits="612" branch="false" />
            <line number="11" hits="612" branch="false" />
            <line number="12" hits="612" branch="false" />
            <line number="15" hits="2" branch="false" />
            <line number="16" hits="2" branch="true" condition-coverage="50% (1/2)" />
            <line number="17" hits="0" branch="false" />
            <line number="19" hits="2" branch="true" condition-coverage="50% (1/2)" />
            <line number="20" hits="2" branch="false" />
            <line number="22" hits="0" branch="false" />
            <line number="23" hits="2" branch="false" />
            <line number="25" hits="0" branch="false" />
            <line number="28" hits="0" branch="false" />
            <line number="29" hits="0" branch="true" condition-coverage="0% (0/4)" />
            <line number="30" hits="0" branch="false" />
            <line number="31" hits="0" branch="true" condition-coverage="0% (0/4)" />
            <line number="32" hits="0" branch="false" />
            <line number="33" hits="0" branch="false" />
            <line number="34" hits="0" branch="false" />
            <line number="36" hits="0" branch="false" />
          </lines>
        </class>
        <class name="Domain.Common.OutboxMessage" filename="/app/src/Domain/Common/OutboxMessage.cs" line-rate="0" branch-rate="1" complexity="11">
          <methods>
            <method name="get_Id" signature="()" line-rate="0" branch-rate="1" complexity="1">
              <lines>
                <line number="8" hits="0" branch="false" />
              </lines>
            </method>
            <method name="get_TypeEvenement" signature="()" line-rate="0" branch-rate="1" complexity="1">
              <lines>
                <line number="9" hits="0" branch="false" />
              </lines>
            </method>
            <method name="get_Contenu" signature="()" line-rate="0" branch-rate="1" complexity="1">
              <lines>
                <line number="10" hits="0" branch="false" />
              </lines>
            </method>
            <method name="get_CreatedAt" signature="()" line-rate="0" branch-rate="1" complexity="1">
              <lines>
                <line number="11" hits="0" branch="false" />
              </lines>
            </method>
            <method name="get_ProcessedAt" signature="()" line-rate="0" branch-rate="1" complexity="1">
              <lines>
                <line number="12" hits="0" branch="false" />
              </lines>
            </method>
            <method name="get_Erreur" signature="()" line-rate="0" branch-rate="1" complexity="1">
              <lines>
                <line number="13" hits="0" branch="false" />
              </lines>
            </method>
            <method name="get_NombreTentatives" signature="()" line-rate="0" branch-rate="1" complexity="1">
              <lines>
                <line number="14" hits="0" branch="false" />
              </lines>
            </method>
            <method name="Create" signature="(System.String,System.String)" line-rate="0" branch-rate="1" complexity="1">
              <lines>
                <line number="23" hits="0" branch="false" />
                <line number="24" hits="0" branch="false" />
                <line number="25" hits="0" branch="false" />
                <line number="26" hits="0" branch="false" />
                <line number="27" hits="0" branch="false" />
                <line number="28" hits="0" branch="false" />
                <line number="29" hits="0" branch="false" />
                <line number="30" hits="0" branch="false" />
                <line number="31" hits="0" branch="false" />
                <line number="32" hits="0" branch="false" />
              </lines>
            </method>
            <method name="MarkProcessed" signature="()" line-rate="0" branch-rate="1" complexity="1">
              <lines>
                <line number="35" hits="0" branch="false" />
                <line number="36" hits="0" branch="false" />
                <line number="37" hits="0" branch="false" />
              </lines>
            </method>
            <method name="MarkFailed" signature="(System.String)" line-rate="0" branch-rate="1" complexity="1">
              <lines>
                <line number="40" hits="0" branch="false" />
                <line number="41" hits="0" branch="false" />
                <line number="42" hits="0" branch="false" />
                <line number="43" hits="0" branch="false" />
              </lines>
            </method>
            <method name=".ctor" signature="()" line-rate="0" branch-rate="1" complexity="1">
              <lines>
                <line number="16" hits="0" branch="false" />
                <line number="17" hits="0" branch="false" />
                <line number="18" hits="0" branch="false" />
                <line number="19" hits="0" branch="false" />
                <line number="20" hits="0" branch="false" />
              </lines>
            </method>
          </methods>
          <lines>
            <line number="8" hits="0" branch="false" />
            <line number="9" hits="0" branch="false" />
            <line number="10" hits="0" branch="false" />
            <line number="11" hits="0" branch="false" />
            <line number="12" hits="0" branch="false" />
            <line number="13" hits="0" branch="false" />
            <line number="14" hits="0" branch="false" />
            <line number="16" hits="0" branch="false" />
            <line number="17" hits="0" branch="false" />
            <line number="18" hits="0" branch="false" />
            <line number="19" hits="0" branch="false" />
            <line number="20" hits="0" branch="false" />
            <line number="23" hits="0" branch="false" />
            <line number="24" hits="0" branch="false" />
            <line number="25" hits="0" branch="false" />
            <line number="26" hits="0" branch="false" />
            <line number="27" hits="0" branch="false" />
            <line number="28" hits="0" branch="false" />
            <line number="29" hits="0" branch="false" />
            <line number="30" hits="0" branch="false" />
            <line number="31" hits="0" branch="false" />
            <line number="32" hits="0" branch="false" />
            <line number="35" hits="0" branch="false" />
            <line number="36" hits="0" branch="false" />
            <line number="37" hits="0" branch="false" />
            <line number="40" hits="0" branch="false" />
            <line number="41" hits="0" branch="false" />
            <line number="42" hits="0" branch="false" />
            <line number="43" hits="0" branch="false" />
          </lines>
        </class>
        <class name="Domain.Common.ValueObject" filename="/app/src/Domain/Common/ValueObject.cs" line-rate="0.8" branch-rate="0.5" complexity="14">
          <methods>
            <method name="Equals" signature="(System.Object)" line-rate="0.8571428571428571" branch-rate="0.5" complexity="4">
              <lines>
                <line number="8" hits="203" branch="false" />
                <line number="9" hits="203" branch="true" condition-coverage="50% (2/4)" />
                <line number="10" hits="0" branch="false" />
                <line number="12" hits="203" branch="false" />
                <line number="14" hits="203" branch="false" />
                <line number="15" hits="203" branch="false" />
                <line number="16" hits="203" branch="false" />
              </lines>
            </method>
            <method name="GetHashCode" signature="()" line-rate="1" branch-rate="1" complexity="1">
              <lines>
                <line number="19" hits="217" branch="false" />
                <line number="20" hits="217" branch="false" />
                <line number="21" hits="217" branch="false" />
                <line number="22" hits="434" branch="false" />
                <line number="23" hits="217" branch="false" />
              </lines>
            </method>
            <method name="op_Equality" signature="(Domain.Common.ValueObject,Domain.Common.ValueObject)" line-rate="0.7142857142857143" branch-rate="0.5" complexity="8">
              <lines>
                <line number="26" hits="99" branch="false" />
                <line number="27" hits="99" branch="true" condition-coverage="50% (2/4)" />
                <line number="28" hits="0" branch="false" />
                <line number="29" hits="99" branch="true" condition-coverage="50% (2/4)" />
                <line number="30" hits="0" branch="false" />
                <line number="31" hits="99" branch="false" />
                <line number="32" hits="99" branch="false" />
              </lines>
            </method>
            <method name="op_Inequality" signature="(Domain.Common.ValueObject,Domain.Common.ValueObject)" line-rate="0" branch-rate="1" complexity="1">
              <lines>
                <line number="34" hits="0" branch="false" />
              </lines>
            </method>
          </methods>
          <lines>
            <line number="8" hits="203" branch="false" />
            <line number="9" hits="203" branch="true" condition-coverage="50% (2/4)" />
            <line number="10" hits="0" branch="false" />
            <line number="12" hits="203" branch="false" />
            <line number="14" hits="203" branch="false" />
            <line number="15" hits="203" branch="false" />
            <line number="16" hits="203" branch="false" />
            <line number="19" hits="217" branch="false" />
            <line number="20" hits="217" branch="false" />
            <line number="21" hits="217" branch="false" />
            <line number="22" hits="434" branch="false" />
            <line number="23" hits="217" branch="false" />
            <line number="26" hits="99" branch="false" />
            <line number="27" hits="99" branch="true" condition-coverage="50% (2/4)" />
            <line number="28" hits="0" branch="false" />
            <line number="29" hits="99" branch="true" condition-coverage="50% (2/4)" />
            <line number="30" hits="0" branch="false" />
            <line number="31" hits="99" branch="false" />
            <line number="32" hits="99" branch="false" />
            <line number="34" hits="0" branch="false" />
          </lines>
        </class>
        <class name="Domain.CreditScoringManagement.Entities.HistoriqueComportement" filename="/app/src/Domain/CreditScoringManagement/Entities/HistoriqueComportement.cs" line-rate="0.9302325581395349" branch-rate="1" complexity="14">
          <methods>
            <method name="get_TotalVersements" signature="()" line-rate="1" branch-rate="1" complexity="1">
              <lines>
                <line number="12" hits="183" branch="false" />
              </lines>
            </method>
            <method name="get_VersementsPonctuels" signature="()" line-rate="1" branch-rate="1" complexity="1">
              <lines>
                <line number="13" hits="122" branch="false" />
              </lines>
            </method>
            <method name="get_CyclesCompletes" signature="()" line-rate="1" branch-rate="1" complexity="1">
              <lines>
                <line number="14" hits="90" branch="false" />
              </lines>
            </method>
            <method name="get_DatePremierVersement" signature="()" line-rate="1" branch-rate="1" complexity="1">
              <lines>
                <line number="15" hits="59" branch="false" />
              </lines>
            </method>
            <method name="get_DernierVersement" signature="()" line-rate="1" branch-rate="1" complexity="1">
              <lines>
                <line number="16" hits="84" branch="false" />
              </lines>
            </method>
            <method name="Create" signature="()" line-rate="1" branch-rate="1" complexity="1">
              <lines>
                <line number="38" hits="18" branch="false" />
                <line number="39" hits="18" branch="false" />
                <line number="40" hits="18" branch="false" />
                <line number="41" hits="18" branch="false" />
                <line number="42" hits="18" branch="false" />
                <line number="43" hits="18" branch="false" />
                <line number="44" hits="18" branch="false" />
                <line number="45" hits="18" branch="false" />
                <line number="46" hits="18" branch="false" />
              </lines>
            </method>
            <method name="EnregistrerVersement" signature="(System.Boolean)" line-rate="1" branch-rate="1" complexity="2">
              <lines>
                <line number="52" hits="59" branch="false" />
                <line number="53" hits="59" branch="false" />
                <line number="54" hits="59" branch="true" condition-coverage="100% (2/2)" />
                <line number="55" hits="38" branch="false" />
                <line number="56" hits="59" branch="false" />
                <line number="57" hits="59" branch="false" />
              </lines>
            </method>
            <method name="IncrementCyclesCompletes" signature="()" line-rate="1" branch-rate="1" complexity="1">
              <lines>
                <line number="63" hits="7" branch="false" />
                <line number="64" hits="7" branch="false" />
                <line number="65" hits="7" branch="false" />
              </lines>
            </method>
            <method name="CalculerTauxPonctualite" signature="()" line-rate="1" branch-rate="1" complexity="2">
              <lines>
                <line number="71" hits="19" branch="false" />
                <line number="72" hits="19" branch="true" condition-coverage="100% (2/2)" />
                <line number="73" hits="19" branch="false" />
                <line number="74" hits="19" branch="false" />
                <line number="75" hits="19" branch="false" />
              </lines>
            </method>
            <method name="CalculerAncienneteEnMois" signature="()" line-rate="1" branch-rate="1" complexity="1">
              <lines>
                <line number="81" hits="17" branch="false" />
                <line number="82" hits="17" branch="false" />
                <line number="83" hits="17" branch="false" />
                <line number="84" hits="17" branch="false" />
              </lines>
            </method>
            <method name=".ctor" signature="()" line-rate="0" branch-rate="1" complexity="1">
              <lines>
                <line number="18" hits="0" branch="false" />
                <line number="19" hits="0" branch="false" />
                <line number="20" hits="0" branch="false" />
              </lines>
            </method>
            <method name=".ctor" signature="(Domain.CreditScoringManagement.ValueObjects.HistoriqueComportementId,System.Int32,System.Int32,System.Int32,System.DateTime,System.DateTime)" line-rate="1" branch-rate="1" complexity="1">
              <lines>
                <line number="28" hits="25" branch="false" />
                <line number="29" hits="25" branch="false" />
                <line number="30" hits="25" branch="false" />
                <line number="31" hits="25" branch="false" />
                <line number="32" hits="25" branch="false" />
                <line number="33" hits="25" branch="false" />
                <line number="34" hits="25" branch="false" />
                <line number="35" hits="25" branch="false" />
              </lines>
            </method>
          </methods>
          <lines>
            <line number="12" hits="183" branch="false" />
            <line number="13" hits="122" branch="false" />
            <line number="14" hits="90" branch="false" />
            <line number="15" hits="59" branch="false" />
            <line number="16" hits="84" branch="false" />
            <line number="18" hits="0" branch="false" />
            <line number="19" hits="0" branch="false" />
            <line number="20" hits="0" branch="false" />
            <line number="28" hits="25" branch="false" />
            <line number="29" hits="25" branch="false" />
            <line number="30" hits="25" branch="false" />
            <line number="31" hits="25" branch="false" />
            <line number="32" hits="25" branch="false" />
            <line number="33" hits="25" branch="false" />
            <line number="34" hits="25" branch="false" />
            <line number="35" hits="25" branch="false" />
            <line number="38" hits="18" branch="false" />
            <line number="39" hits="18" branch="false" />
            <line number="40" hits="18" branch="false" />
            <line number="41" hits="18" branch="false" />
            <line number="42" hits="18" branch="false" />
            <line number="43" hits="18" branch="false" />
            <line number="44" hits="18" branch="false" />
            <line number="45" hits="18" branch="false" />
            <line number="46" hits="18" branch="false" />
            <line number="52" hits="59" branch="false" />
            <line number="53" hits="59" branch="false" />
            <line number="54" hits="59" branch="true" condition-coverage="100% (2/2)" />
            <line number="55" hits="38" branch="false" />
            <line number="56" hits="59" branch="false" />
            <line number="57" hits="59" branch="false" />
            <line number="63" hits="7" branch="false" />
            <line number="64" hits="7" branch="false" />
            <line number="65" hits="7" branch="false" />
            <line number="71" hits="19" branch="false" />
            <line number="72" hits="19" branch="true" condition-coverage="100% (2/2)" />
            <line number="73" hits="19" branch="false" />
            <line number="74" hits="19" branch="false" />
            <line number="75" hits="19" branch="false" />
            <line number="81" hits="17" branch="false" />
            <line number="82" hits="17" branch="false" />
            <line number="83" hits="17" branch="false" />
            <line number="84" hits="17" branch="false" />
          </lines>
        </class>
        <class name="Domain.CreditScoringManagement.ProfilCredit" filename="/app/src/Domain/CreditScoringManagement/ProfilCredit.cs" line-rate="0.8958333333333334" branch-rate="1" complexity="14">
          <methods>
            <method name="get_MembreId" signature="()" line-rate="1" branch-rate="1" complexity="1">
              <lines>
                <line number="15" hits="11" branch="false" />
              </lines>
[...]
            <line number="14" hits="156" branch="false" />
            <line number="17" hits="4" branch="false" />
            <line number="18" hits="4" branch="true" condition-coverage="100% (2/2)" />
            <line number="19" hits="1" branch="false" />
            <line number="21" hits="3" branch="false" />
            <line number="22" hits="3" branch="false" />
            <line number="25" hits="8" branch="false" />
            <line number="26" hits="8" branch="false" />
            <line number="27" hits="6" branch="false" />
            <line number="29" hits="0" branch="false" />
          </lines>
        </class>
        <class name="System.Text.RegularExpressions.Generated" filename="/app/src/Domain/obj/Debug/net10.0/System.Text.RegularExpressions.Generator/System.Text.RegularExpressions.Generator.RegexGenerator/RegexGenerator.g.cs" line-rate="0.8571428571428571" branch-rate="0.71875" complexity="35">
          <methods>
            <method name=".ctor" signature="()" line-rate="1" branch-rate="1" complexity="1">
              <lines>
                <line number="48" hits="1" branch="false" />
                <line number="49" hits="1" branch="false" />
                <line number="50" hits="1" branch="false" />
                <line number="51" hits="1" branch="false" />
                <line number="52" hits="1" branch="false" />
                <line number="53" hits="1" branch="false" />
                <line number="54" hits="1" branch="false" />
                <line number="55" hits="1" branch="false" />
                <line number="56" hits="1" branch="false" />
              </lines>
            </method>
            <method name=".cctor" signature="()" line-rate="1" branch-rate="1" complexity="1">
              <lines>
                <line number="45" hits="1" branch="false" />
              </lines>
            </method>
            <method name="CreateInstance" signature="()" line-rate="1" branch-rate="1" complexity="1">
              <lines>
                <line number="62" hits="1" branch="false" />
              </lines>
            </method>
            <method name="Scan" signature="(System.ReadOnlySpan`1&lt;System.Char&gt;)" line-rate="1" branch-rate="0.75" complexity="4">
              <lines>
                <line number="70" hits="9" branch="false" />
                <line number="72" hits="9" branch="true" condition-coverage="75% (3/4)" />
                <line number="73" hits="2" branch="false" />
                <line number="74" hits="2" branch="false" />
                <line number="75" hits="2" branch="false" />
                <line number="76" hits="9" branch="false" />
              </lines>
            </method>
            <method name="TryFindNextPossibleStartingPosition" signature="(System.ReadOnlySpan`1&lt;System.Char&gt;)" line-rate="0.7272727272727273" branch-rate="0.5" complexity="4">
              <lines>
                <line number="82" hits="9" branch="false" />
                <line number="83" hits="9" branch="false" />
                <line number="86" hits="9" branch="true" condition-coverage="50% (1/2)" />
                <line number="87" hits="9" branch="false" />
                <line number="89" hits="9" branch="true" condition-coverage="50% (1/2)" />
                <line number="90" hits="9" branch="false" />
                <line number="91" hits="9" branch="false" />
                <line number="93" hits="0" branch="false" />
                <line number="96" hits="0" branch="false" />
                <line number="97" hits="0" branch="false" />
                <line number="98" hits="9" branch="false" />
              </lines>
            </method>
            <method name="TryMatchAtCurrentPosition" signature="(System.ReadOnlySpan`1&lt;System.Char&gt;)" line-rate="0.8181818181818182" branch-rate="0.7727272727272727" complexity="22">
              <lines>
                <line number="104" hits="9" branch="false" />
                <line number="105" hits="9" branch="false" />
                <line number="106" hits="9" branch="false" />
                <line number="107" hits="9" branch="false" />
                <line number="110" hits="9" branch="true" condition-coverage="50% (1/2)" />
                <line number="111" hits="0" branch="false" />
                <line number="112" hits="0" branch="false" />
                <line number="115" hits="9" branch="true" condition-coverage="100% (6/6)" />
                <line number="116" hits="9" branch="false" />
                <line number="117" hits="9" branch="false" />
                <line number="118" hits="2" branch="false" />
                <line number="119" hits="2" branch="false" />
                <line number="123" hits="7" branch="false" />
                <line number="124" hits="7" branch="false" />
                <line number="125" hits="7" branch="false" />
                <line number="126" hits="7" branch="false" />
                <line number="127" hits="77" branch="true" condition-coverage="100% (6/6)" />
                <line number="128" hits="70" branch="false" />
                <line number="129" hits="70" branch="false" />
                <line number="130" hits="70" branch="false" />
                <line number="132" hits="7" branch="true" condition-coverage="50% (1/2)" />
                <line number="133" hits="0" branch="false" />
                <line number="134" hits="0" branch="false" />
                <line number="137" hits="7" branch="false" />
                <line number="138" hits="7" branch="false" />
                <line number="139" hits="7" branch="false" />
                <line number="142" hits="7" branch="true" condition-coverage="50% (3/6)" />
                <line number="143" hits="0" branch="false" />
                <line number="144" hits="0" branch="false" />
                <line number="148" hits="7" branch="false" />
                <line number="149" hits="7" branch="false" />
                <line number="150" hits="7" branch="false" />
                <line number="151" hits="9" branch="false" />
              </lines>
            </method>
            <method name=".cctor" signature="()" line-rate="1" branch-rate="0.5" complexity="2">
              <lines>
                <line number="162" hits="1" branch="true" condition-coverage="50% (1/2)" />
                <line number="165" hits="1" branch="false" />
              </lines>
            </method>
          </methods>
          <lines>
            <line number="45" hits="1" branch="false" />
            <line number="48" hits="1" branch="false" />
            <line number="49" hits="1" branch="false" />
            <line number="50" hits="1" branch="false" />
            <line number="51" hits="1" branch="false" />
            <line number="52" hits="1" branch="false" />
            <line number="53" hits="1" branch="false" />
            <line number="54" hits="1" branch="false" />
            <line number="55" hits="1" branch="false" />
            <line number="56" hits="1" branch="false" />
            <line number="62" hits="1" branch="false" />
            <line number="70" hits="9" branch="false" />
            <line number="72" hits="9" branch="true" condition-coverage="75% (3/4)" />
            <line number="73" hits="2" branch="false" />
            <line number="74" hits="2" branch="false" />
            <line number="75" hits="2" branch="false" />
            <line number="76" hits="9" branch="false" />
            <line number="82" hits="9" branch="false" />
            <line number="83" hits="9" branch="false" />
            <line number="86" hits="9" branch="true" condition-coverage="50% (1/2)" />
            <line number="87" hits="9" branch="false" />
            <line number="89" hits="9" branch="true" condition-coverage="50% (1/2)" />
            <line number="90" hits="9" branch="false" />
            <line number="91" hits="9" branch="false" />
            <line number="93" hits="0" branch="false" />
            <line number="96" hits="0" branch="false" />
            <line number="97" hits="0" branch="false" />
            <line number="98" hits="9" branch="false" />
            <line number="104" hits="9" branch="false" />
            <line number="105" hits="9" branch="false" />
            <line number="106" hits="9" branch="false" />
            <line number="107" hits="9" branch="false" />
            <line number="110" hits="9" branch="true" condition-coverage="50% (1/2)" />
            <line number="111" hits="0" branch="false" />
            <line number="112" hits="0" branch="false" />
            <line number="115" hits="9" branch="true" condition-coverage="100% (6/6)" />
            <line number="116" hits="9" branch="false" />
            <line number="117" hits="9" branch="false" />
            <line number="118" hits="2" branch="false" />
            <line number="119" hits="2" branch="false" />
            <line number="123" hits="7" branch="false" />
            <line number="124" hits="7" branch="false" />
            <line number="125" hits="7" branch="false" />
            <line number="126" hits="7" branch="false" />
            <line number="127" hits="77" branch="true" condition-coverage="100% (6/6)" />
            <line number="128" hits="70" branch="false" />
            <line number="129" hits="70" branch="false" />
            <line number="130" hits="70" branch="false" />
            <line number="132" hits="7" branch="true" condition-coverage="50% (1/2)" />
            <line number="133" hits="0" branch="false" />
            <line number="134" hits="0" branch="false" />
            <line number="137" hits="7" branch="false" />
            <line number="138" hits="7" branch="false" />
            <line number="139" hits="7" branch="false" />
            <line number="142" hits="7" branch="true" condition-coverage="50% (3/6)" />
            <line number="143" hits="0" branch="false" />
            <line number="144" hits="0" branch="false" />
            <line number="148" hits="7" branch="false" />
            <line number="149" hits="7" branch="false" />
            <line number="150" hits="7" branch="false" />
            <line number="151" hits="9" branch="false" />
            <line number="162" hits="1" branch="true" condition-coverage="50% (1/2)" />
            <line number="165" hits="1" branch="false" />
          </lines>
        </class>
        <class name="System.Text.RegularExpressions.Generated.&lt;RegexGenerator_g&gt;FD313AF7DC3C1BB9837EB8CACAFB30EFC512BE9C9CCA9DEACAB83C91CD1C35C22__GenerateE164Regex_0" filename="/app/src/Domain/obj/Debug/net10.0/System.Text.RegularExpressions.Generator/System.Text.RegularExpressions.Generator.RegexGenerator/RegexGenerator.g.cs" line-rate="0.8524590163934426" branch-rate="0.7333333333333333" complexity="33">
          <methods>
            <method name=".ctor" signature="()" line-rate="1" branch-rate="1" complexity="1">
              <lines>
                <line number="48" hits="1" branch="false" />
                <line number="49" hits="1" branch="false" />
                <line number="50" hits="1" branch="false" />
                <line number="51" hits="1" branch="false" />
                <line number="52" hits="1" branch="false" />
                <line number="53" hits="1" branch="false" />
                <line number="54" hits="1" branch="false" />
                <line number="55" hits="1" branch="false" />
                <line number="56" hits="1" branch="false" />
              </lines>
            </method>
            <method name=".cctor" signature="()" line-rate="1" branch-rate="1" complexity="1">
              <lines>
                <line number="45" hits="1" branch="false" />
              </lines>
            </method>
            <method name="CreateInstance" signature="()" line-rate="1" branch-rate="1" complexity="1">
              <lines>
                <line number="62" hits="1" branch="false" />
              </lines>
            </method>
            <method name="Scan" signature="(System.ReadOnlySpan`1&lt;System.Char&gt;)" line-rate="1" branch-rate="0.75" complexity="4">
              <lines>
                <line number="70" hits="9" branch="false" />
                <line number="72" hits="9" branch="true" condition-coverage="75% (3/4)" />
                <line number="73" hits="2" branch="false" />
                <line number="74" hits="2" branch="false" />
                <line number="75" hits="2" branch="false" />
                <line number="76" hits="9" branch="false" />
              </lines>
            </method>
            <method name="TryFindNextPossibleStartingPosition" signature="(System.ReadOnlySpan`1&lt;System.Char&gt;)" line-rate="0.7272727272727273" branch-rate="0.5" complexity="4">
              <lines>
                <line number="82" hits="9" branch="false" />
                <line number="83" hits="9" branch="false" />
                <line number="86" hits="9" branch="true" condition-coverage="50% (1/2)" />
                <line number="87" hits="9" branch="false" />
                <line number="89" hits="9" branch="true" condition-coverage="50% (1/2)" />
                <line number="90" hits="9" branch="false" />
                <line number="91" hits="9" branch="false" />
                <line number="93" hits="0" branch="false" />
                <line number="96" hits="0" branch="false" />
                <line number="97" hits="0" branch="false" />
                <line number="98" hits="9" branch="false" />
              </lines>
            </method>
            <method name="TryMatchAtCurrentPosition" signature="(System.ReadOnlySpan`1&lt;System.Char&gt;)" line-rate="0.8181818181818182" branch-rate="0.7727272727272727" complexity="22">
              <lines>
                <line number="104" hits="9" branch="false" />
                <line number="105" hits="9" branch="false" />
                <line number="106" hits="9" branch="false" />
                <line number="107" hits="9" branch="false" />
                <line number="110" hits="9" branch="true" condition-coverage="50% (1/2)" />
                <line number="111" hits="0" branch="false" />
                <line number="112" hits="0" branch="false" />
                <line number="115" hits="9" branch="true" condition-coverage="100% (6/6)" />
                <line number="116" hits="9" branch="false" />
                <line number="117" hits="9" branch="false" />
                <line number="118" hits="2" branch="false" />
                <line number="119" hits="2" branch="false" />
                <line number="123" hits="7" branch="false" />
                <line number="124" hits="7" branch="false" />
                <line number="125" hits="7" branch="false" />
                <line number="126" hits="7" branch="false" />
                <line number="127" hits="77" branch="true" condition-coverage="100% (6/6)" />
                <line number="128" hits="70" branch="false" />
                <line number="129" hits="70" branch="false" />
                <line number="130" hits="70" branch="false" />
                <line number="132" hits="7" branch="true" condition-coverage="50% (1/2)" />
                <line number="133" hits="0" branch="false" />
                <line number="134" hits="0" branch="false" />
                <line number="137" hits="7" branch="false" />
                <line number="138" hits="7" branch="false" />
                <line number="139" hits="7" branch="false" />
                <line number="142" hits="7" branch="true" condition-coverage="50% (3/6)" />
                <line number="143" hits="0" branch="false" />
                <line number="144" hits="0" branch="false" />
                <line number="148" hits="7" branch="false" />
                <line number="149" hits="7" branch="false" />
                <line number="150" hits="7" branch="false" />
                <line number="151" hits="9" branch="false" />
              </lines>
            </method>
          </methods>
          <lines>
            <line number="45" hits="1" branch="false" />
            <line number="48" hits="1" branch="false" />
            <line number="49" hits="1" branch="false" />
            <line number="50" hits="1" branch="false" />
            <line number="51" hits="1" branch="false" />
            <line number="52" hits="1" branch="false" />
            <line number="53" hits="1" branch="false" />
            <line number="54" hits="1" branch="false" />
            <line number="55" hits="1" branch="false" />
            <line number="56" hits="1" branch="false" />
            <line number="62" hits="1" branch="false" />
            <line number="70" hits="9" branch="false" />
            <line number="72" hits="9" branch="true" condition-coverage="75% (3/4)" />
            <line number="73" hits="2" branch="false" />
            <line number="74" hits="2" branch="false" />
            <line number="75" hits="2" branch="false" />
            <line number="76" hits="9" branch="false" />
            <line number="82" hits="9" branch="false" />
            <line number="83" hits="9" branch="false" />
            <line number="86" hits="9" branch="true" condition-coverage="50% (1/2)" />
            <line number="87" hits="9" branch="false" />
            <line number="89" hits="9" branch="true" condition-coverage="50% (1/2)" />
            <line number="90" hits="9" branch="false" />
            <line number="91" hits="9" branch="false" />
            <line number="93" hits="0" branch="false" />
            <line number="96" hits="0" branch="false" />
            <line number="97" hits="0" branch="false" />
            <line number="98" hits="9" branch="false" />
            <line number="104" hits="9" branch="false" />
            <line number="105" hits="9" branch="false" />
            <line number="106" hits="9" branch="false" />
            <line number="107" hits="9" branch="false" />
            <line number="110" hits="9" branch="true" condition-coverage="50% (1/2)" />
            <line number="111" hits="0" branch="false" />
            <line number="112" hits="0" branch="false" />
            <line number="115" hits="9" branch="true" condition-coverage="100% (6/6)" />
            <line number="116" hits="9" branch="false" />
            <line number="117" hits="9" branch="false" />
            <line number="118" hits="2" branch="false" />
            <line number="119" hits="2" branch="false" />
            <line number="123" hits="7" branch="false" />
            <line number="124" hits="7" branch="false" />
            <line number="125" hits="7" branch="false" />
            <line number="126" hits="7" branch="false" />
            <line number="127" hits="77" branch="true" condition-coverage="100% (6/6)" />
            <line number="128" hits="70" branch="false" />
            <line number="129" hits="70" branch="false" />
            <line number="130" hits="70" branch="false" />
            <line number="132" hits="7" branch="true" condition-coverage="50% (1/2)" />
            <line number="133" hits="0" branch="false" />
            <line number="134" hits="0" branch="false" />
            <line number="137" hits="7" branch="false" />
            <line number="138" hits="7" branch="false" />
            <line number="139" hits="7" branch="false" />
            <line number="142" hits="7" branch="true" condition-coverage="50% (3/6)" />
            <line number="143" hits="0" branch="false" />
            <line number="144" hits="0" branch="false" />
            <line number="148" hits="7" branch="false" />
            <line number="149" hits="7" branch="false" />
            <line number="150" hits="7" branch="false" />
            <line number="151" hits="9" branch="false" />
          </lines>
        </class>
      </classes>
    </package>
  </packages>
</coverage>